CRITICAL - 2022-08-03 12:13:18 --> Call to a member function findALL() on null
in APPPATH\Controllers\Produtos.php on line 18.
 1 SYSTEMPATH\CodeIgniter.php(896): App\Controllers\Produtos->Listar()
 2 SYSTEMPATH\CodeIgniter.php(466): CodeIgniter\CodeIgniter->runController(Object(App\Controllers\Produtos))
 3 SYSTEMPATH\CodeIgniter.php(349): CodeIgniter\CodeIgniter->handleRequest(null, Object(Config\Cache), false)
 4 FCPATH\index.php(55): CodeIgniter\CodeIgniter->run()
 5 SYSTEMPATH\Commands\Server\rewrite.php(43): require_once('FCPATH\\index.php')
CRITICAL - 2022-08-03 12:20:15 --> Call to a member function findALL() on null
in APPPATH\Controllers\Produtos.php on line 18.
 1 SYSTEMPATH\CodeIgniter.php(896): App\Controllers\Produtos->Listar()
 2 SYSTEMPATH\CodeIgniter.php(466): CodeIgniter\CodeIgniter->runController(Object(App\Controllers\Produtos))
 3 SYSTEMPATH\CodeIgniter.php(349): CodeIgniter\CodeIgniter->handleRequest(null, Object(Config\Cache), false)
 4 FCPATH\index.php(55): CodeIgniter\CodeIgniter->run()
 5 SYSTEMPATH\Commands\Server\rewrite.php(43): require_once('FCPATH\\index.php')
CRITICAL - 2022-08-03 12:20:16 --> Call to a member function findALL() on null
in APPPATH\Controllers\Produtos.php on line 18.
 1 SYSTEMPATH\CodeIgniter.php(896): App\Controllers\Produtos->Listar()
 2 SYSTEMPATH\CodeIgniter.php(466): CodeIgniter\CodeIgniter->runController(Object(App\Controllers\Produtos))
 3 SYSTEMPATH\CodeIgniter.php(349): CodeIgniter\CodeIgniter->handleRequest(null, Object(Config\Cache), false)
 4 FCPATH\index.php(55): CodeIgniter\CodeIgniter->run()
 5 SYSTEMPATH\Commands\Server\rewrite.php(43): require_once('FCPATH\\index.php')
CRITICAL - 2022-08-03 12:20:16 --> Call to a member function findALL() on null
in APPPATH\Controllers\Produtos.php on line 18.
 1 SYSTEMPATH\CodeIgniter.php(896): App\Controllers\Produtos->Listar()
 2 SYSTEMPATH\CodeIgniter.php(466): CodeIgniter\CodeIgniter->runController(Object(App\Controllers\Produtos))
 3 SYSTEMPATH\CodeIgniter.php(349): CodeIgniter\CodeIgniter->handleRequest(null, Object(Config\Cache), false)
 4 FCPATH\index.php(55): CodeIgniter\CodeIgniter->run()
 5 SYSTEMPATH\Commands\Server\rewrite.php(43): require_once('FCPATH\\index.php')
CRITICAL - 2022-08-03 12:20:16 --> Call to a member function findALL() on null
in APPPATH\Controllers\Produtos.php on line 18.
 1 SYSTEMPATH\CodeIgniter.php(896): App\Controllers\Produtos->Listar()
 2 SYSTEMPATH\CodeIgniter.php(466): CodeIgniter\CodeIgniter->runController(Object(App\Controllers\Produtos))
 3 SYSTEMPATH\CodeIgniter.php(349): CodeIgniter\CodeIgniter->handleRequest(null, Object(Config\Cache), false)
 4 FCPATH\index.php(55): CodeIgniter\CodeIgniter->run()
 5 SYSTEMPATH\Commands\Server\rewrite.php(43): require_once('FCPATH\\index.php')
CRITICAL - 2022-08-03 12:20:16 --> Call to a member function findALL() on null
in APPPATH\Controllers\Produtos.php on line 18.
 1 SYSTEMPATH\CodeIgniter.php(896): App\Controllers\Produtos->Listar()
 2 SYSTEMPATH\CodeIgniter.php(466): CodeIgniter\CodeIgniter->runController(Object(App\Controllers\Produtos))
 3 SYSTEMPATH\CodeIgniter.php(349): CodeIgniter\CodeIgniter->handleRequest(null, Object(Config\Cache), false)
 4 FCPATH\index.php(55): CodeIgniter\CodeIgniter->run()
 5 SYSTEMPATH\Commands\Server\rewrite.php(43): require_once('FCPATH\\index.php')
CRITICAL - 2022-08-03 12:20:16 --> Call to a member function findALL() on null
in APPPATH\Controllers\Produtos.php on line 18.
 1 SYSTEMPATH\CodeIgniter.php(896): App\Controllers\Produtos->Listar()
 2 SYSTEMPATH\CodeIgniter.php(466): CodeIgniter\CodeIgniter->runController(Object(App\Controllers\Produtos))
 3 SYSTEMPATH\CodeIgniter.php(349): CodeIgniter\CodeIgniter->handleRequest(null, Object(Config\Cache), false)
 4 FCPATH\index.php(55): CodeIgniter\CodeIgniter->run()
 5 SYSTEMPATH\Commands\Server\rewrite.php(43): require_once('FCPATH\\index.php')
CRITICAL - 2022-08-03 12:20:16 --> Call to a member function findALL() on null
in APPPATH\Controllers\Produtos.php on line 18.
 1 SYSTEMPATH\CodeIgniter.php(896): App\Controllers\Produtos->Listar()
 2 SYSTEMPATH\CodeIgniter.php(466): CodeIgniter\CodeIgniter->runController(Object(App\Controllers\Produtos))
 3 SYSTEMPATH\CodeIgniter.php(349): CodeIgniter\CodeIgniter->handleRequest(null, Object(Config\Cache), false)
 4 FCPATH\index.php(55): CodeIgniter\CodeIgniter->run()
 5 SYSTEMPATH\Commands\Server\rewrite.php(43): require_once('FCPATH\\index.php')
CRITICAL - 2022-08-03 12:20:17 --> Call to a member function findALL() on null
in APPPATH\Controllers\Produtos.php on line 18.
 1 SYSTEMPATH\CodeIgniter.php(896): App\Controllers\Produtos->Listar()
 2 SYSTEMPATH\CodeIgniter.php(466): CodeIgniter\CodeIgniter->runController(Object(App\Controllers\Produtos))
 3 SYSTEMPATH\CodeIgniter.php(349): CodeIgniter\CodeIgniter->handleRequest(null, Object(Config\Cache), false)
 4 FCPATH\index.php(55): CodeIgniter\CodeIgniter->run()
 5 SYSTEMPATH\Commands\Server\rewrite.php(43): require_once('FCPATH\\index.php')
CRITICAL - 2022-08-03 12:20:17 --> Call to a member function findALL() on null
in APPPATH\Controllers\Produtos.php on line 18.
 1 SYSTEMPATH\CodeIgniter.php(896): App\Controllers\Produtos->Listar()
 2 SYSTEMPATH\CodeIgniter.php(466): CodeIgniter\CodeIgniter->runController(Object(App\Controllers\Produtos))
 3 SYSTEMPATH\CodeIgniter.php(349): CodeIgniter\CodeIgniter->handleRequest(null, Object(Config\Cache), false)
 4 FCPATH\index.php(55): CodeIgniter\CodeIgniter->run()
 5 SYSTEMPATH\Commands\Server\rewrite.php(43): require_once('FCPATH\\index.php')
CRITICAL - 2022-08-03 12:20:17 --> Call to a member function findALL() on null
in APPPATH\Controllers\Produtos.php on line 18.
 1 SYSTEMPATH\CodeIgniter.php(896): App\Controllers\Produtos->Listar()
 2 SYSTEMPATH\CodeIgniter.php(466): CodeIgniter\CodeIgniter->runController(Object(App\Controllers\Produtos))
 3 SYSTEMPATH\CodeIgniter.php(349): CodeIgniter\CodeIgniter->handleRequest(null, Object(Config\Cache), false)
 4 FCPATH\index.php(55): CodeIgniter\CodeIgniter->run()
 5 SYSTEMPATH\Commands\Server\rewrite.php(43): require_once('FCPATH\\index.php')
CRITICAL - 2022-08-03 12:20:17 --> Call to a member function findALL() on null
in APPPATH\Controllers\Produtos.php on line 18.
 1 SYSTEMPATH\CodeIgniter.php(896): App\Controllers\Produtos->Listar()
 2 SYSTEMPATH\CodeIgniter.php(466): CodeIgniter\CodeIgniter->runController(Object(App\Controllers\Produtos))
 3 SYSTEMPATH\CodeIgniter.php(349): CodeIgniter\CodeIgniter->handleRequest(null, Object(Config\Cache), false)
 4 FCPATH\index.php(55): CodeIgniter\CodeIgniter->run()
 5 SYSTEMPATH\Commands\Server\rewrite.php(43): require_once('FCPATH\\index.php')
CRITICAL - 2022-08-03 12:20:17 --> Call to a member function findALL() on null
in APPPATH\Controllers\Produtos.php on line 18.
 1 SYSTEMPATH\CodeIgniter.php(896): App\Controllers\Produtos->Listar()
 2 SYSTEMPATH\CodeIgniter.php(466): CodeIgniter\CodeIgniter->runController(Object(App\Controllers\Produtos))
 3 SYSTEMPATH\CodeIgniter.php(349): CodeIgniter\CodeIgniter->handleRequest(null, Object(Config\Cache), false)
 4 FCPATH\index.php(55): CodeIgniter\CodeIgniter->run()
 5 SYSTEMPATH\Commands\Server\rewrite.php(43): require_once('FCPATH\\index.php')
CRITICAL - 2022-08-03 12:20:45 --> Call to a member function findALL() on null
in APPPATH\Controllers\Produtos.php on line 18.
 1 SYSTEMPATH\CodeIgniter.php(896): App\Controllers\Produtos->Listar()
 2 SYSTEMPATH\CodeIgniter.php(466): CodeIgniter\CodeIgniter->runController(Object(App\Controllers\Produtos))
 3 SYSTEMPATH\CodeIgniter.php(349): CodeIgniter\CodeIgniter->handleRequest(null, Object(Config\Cache), false)
 4 FCPATH\index.php(55): CodeIgniter\CodeIgniter->run()
 5 SYSTEMPATH\Commands\Server\rewrite.php(43): require_once('FCPATH\\index.php')
CRITICAL - 2022-08-03 12:20:50 --> Call to a member function findALL() on null
in APPPATH\Controllers\Produtos.php on line 18.
 1 SYSTEMPATH\CodeIgniter.php(896): App\Controllers\Produtos->Listar()
 2 SYSTEMPATH\CodeIgniter.php(466): CodeIgniter\CodeIgniter->runController(Object(App\Controllers\Produtos))
 3 SYSTEMPATH\CodeIgniter.php(349): CodeIgniter\CodeIgniter->handleRequest(null, Object(Config\Cache), false)
 4 FCPATH\index.php(55): CodeIgniter\CodeIgniter->run()
 5 SYSTEMPATH\Commands\Server\rewrite.php(43): require_once('FCPATH\\index.php')
CRITICAL - 2022-08-03 12:21:12 --> Undefined variable: produtosModel
in APPPATH\Controllers\Produtos.php on line 18.
 1 APPPATH\Controllers\Produtos.php(18): CodeIgniter\Debug\Exceptions->errorHandler(8, 'Undefined variable: produtosModel', 'APPPATH\\Controllers\\Produtos.php', 18, [])
 2 SYSTEMPATH\CodeIgniter.php(896): App\Controllers\Produtos->Listar()
 3 SYSTEMPATH\CodeIgniter.php(466): CodeIgniter\CodeIgniter->runController(Object(App\Controllers\Produtos))
 4 SYSTEMPATH\CodeIgniter.php(349): CodeIgniter\CodeIgniter->handleRequest(null, Object(Config\Cache), false)
 5 FCPATH\index.php(55): CodeIgniter\CodeIgniter->run()
 6 SYSTEMPATH\Commands\Server\rewrite.php(43): require_once('FCPATH\\index.php')
